# JRE version: Java(TM) SE Runtime Environment (11.0.6+8) (build 11.0.6+8-LTS)
# Java VM: Java HotSpot(TM) 64-Bit Server VM (11.0.6+8-LTS, mixed mode, tiered, compressed oops, g1 gc, windows-amd64)
Heap:
 garbage-first heap   total 312320K, used 24868K [0x0000000702c00000, 0x0000000800000000)
  region size 1024K, 15 young (15360K), 15 survivors (15360K)
 Metaspace       used 47191K, capacity 48761K, committed 48976K, reserved 1091584K
  class space    used 6121K, capacity 6754K, committed 6816K, reserved 1048576K
GC Heap History (10 events):
Event: 0.634 GC heap after
{Heap after GC invocations=1 (full 0):
 garbage-first heap   total 260096K, used 9452K [0x0000000702c00000, 0x0000000800000000)
  region size 1024K, 3 young (3072K), 3 survivors (3072K)
 Metaspace       used 14149K, capacity 14536K, committed 14720K, reserved 1062912K
  class space    used 1495K, capacity 1635K, committed 1664K, reserved 1048576K
}
Event: 0.810 GC heap before
{Heap before GC invocations=1 (full 0):
 garbage-first heap   total 260096K, used 24812K [0x0000000702c00000, 0x0000000800000000)
  region size 1024K, 18 young (18432K), 3 survivors (3072K)
 Metaspace       used 17656K, capacity 18182K, committed 18304K, reserved 1064960K
  class space    used 1973K, capacity 2159K, committed 2176K, reserved 1048576K
}
Event: 0.813 GC heap after
{Heap after GC invocations=2 (full 0):
 garbage-first heap   total 260096K, used 10626K [0x0000000702c00000, 0x0000000800000000)
  region size 1024K, 2 young (2048K), 2 survivors (2048K)
 Metaspace       used 17656K, capacity 18182K, committed 18304K, reserved 1064960K
  class space    used 1973K, capacity 2159K, committed 2176K, reserved 1048576K
}
Event: 0.966 GC heap before
{Heap before GC invocations=2 (full 0):
 garbage-first heap   total 260096K, used 23938K [0x0000000702c00000, 0x0000000800000000)
  region size 1024K, 16 young (16384K), 2 survivors (2048K)
 Metaspace       used 20609K, capacity 21209K, committed 21296K, reserved 1069056K
  class space    used 2420K, capacity 2666K, committed 2688K, reserved 1048576K
}
Event: 0.968 GC heap after
{Heap after GC invocations=3 (full 0):
 garbage-first heap   total 260096K, used 11698K [0x0000000702c00000, 0x0000000800000000)
  region size 1024K, 3 young (3072K), 3 survivors (3072K)
 Metaspace       used 20609K, capacity 21209K, committed 21296K, reserved 1069056K
  class space    used 2420K, capacity 2666K, committed 2688K, reserved 1048576K
}
Event: 1.395 GC heap before
{Heap before GC invocations=4 (full 0):
 garbage-first heap   total 260096K, used 90546K [0x0000000702c00000, 0x0000000800000000)
  region size 1024K, 80 young (81920K), 3 survivors (3072K)
 Metaspace       used 31392K, capacity 32342K, committed 32432K, reserved 1077248K
  class space    used 3880K, capacity 4263K, committed 4352K, reserved 1048576K
}
Event: 1.399 GC heap after
{Heap after GC invocations=5 (full 0):
 garbage-first heap   total 260096K, used 16107K [0x0000000702c00000, 0x0000000800000000)
  region size 1024K, 7 young (7168K), 7 survivors (7168K)
 Metaspace       used 31392K, capacity 32342K, committed 32432K, reserved 1077248K
  class space    used 3880K, capacity 4263K, committed 4352K, reserved 1048576K
}
Event: 1.720 GC heap before
{Heap before GC invocations=5 (full 0):
 garbage-first heap   total 260096K, used 72427K [0x0000000702c00000, 0x0000000800000000)
  region size 1024K, 63 young (64512K), 7 survivors (7168K)
 Metaspace       used 34685K, capacity 35704K, committed 35920K, reserved 1081344K
  class space    used 4344K, capacity 4738K, committed 4768K, reserved 1048576K
}
Event: 1.725 GC heap after
{Heap after GC invocations=6 (full 0):
 garbage-first heap   total 260096K, used 18724K [0x0000000702c00000, 0x0000000800000000)
  region size 1024K, 9 young (9216K), 9 survivors (9216K)
 Metaspace       used 34685K, capacity 35704K, committed 35920K, reserved 1081344K
  class space    used 4344K, capacity 4738K, committed 4768K, reserved 1048576K
}
Event: 32.329 GC heap before
{Heap before GC invocations=7 (full 0):
 garbage-first heap   total 260096K, used 164132K [0x0000000702c00000, 0x0000000800000000)
  region size 1024K, 152 young (155648K), 9 survivors (9216K)
 Metaspace       used 47191K, capacity 48761K, committed 48976K, reserved 1091584K
  class space    used 6121K, capacity 6754K, committed 6816K, reserved 1048576K
}

